mode: set
gitlab.com/vk-go/lectures-2022-2/06_databases/99_hw/redditclone/pkg/handler/post.go:15.82,17.16 2 1
gitlab.com/vk-go/lectures-2022-2/06_databases/99_hw/redditclone/pkg/handler/post.go:21.2,21.44 1 1
gitlab.com/vk-go/lectures-2022-2/06_databases/99_hw/redditclone/pkg/handler/post.go:17.16,20.3 2 1
gitlab.com/vk-go/lectures-2022-2/06_databases/99_hw/redditclone/pkg/handler/post.go:24.78,28.16 4 1
gitlab.com/vk-go/lectures-2022-2/06_databases/99_hw/redditclone/pkg/handler/post.go:32.2,33.16 2 1
gitlab.com/vk-go/lectures-2022-2/06_databases/99_hw/redditclone/pkg/handler/post.go:37.2,37.46 1 1
gitlab.com/vk-go/lectures-2022-2/06_databases/99_hw/redditclone/pkg/handler/post.go:28.16,31.3 2 1
gitlab.com/vk-go/lectures-2022-2/06_databases/99_hw/redditclone/pkg/handler/post.go:33.16,36.3 2 1
gitlab.com/vk-go/lectures-2022-2/06_databases/99_hw/redditclone/pkg/handler/post.go:40.89,43.9 3 1
gitlab.com/vk-go/lectures-2022-2/06_databases/99_hw/redditclone/pkg/handler/post.go:47.2,48.16 2 1
gitlab.com/vk-go/lectures-2022-2/06_databases/99_hw/redditclone/pkg/handler/post.go:52.2,52.44 1 1
gitlab.com/vk-go/lectures-2022-2/06_databases/99_hw/redditclone/pkg/handler/post.go:43.9,46.3 2 1
gitlab.com/vk-go/lectures-2022-2/06_databases/99_hw/redditclone/pkg/handler/post.go:48.16,51.3 2 1
gitlab.com/vk-go/lectures-2022-2/06_databases/99_hw/redditclone/pkg/handler/post.go:55.78,57.46 2 1
gitlab.com/vk-go/lectures-2022-2/06_databases/99_hw/redditclone/pkg/handler/post.go:62.2,64.16 3 1
gitlab.com/vk-go/lectures-2022-2/06_databases/99_hw/redditclone/pkg/handler/post.go:68.2,68.43 1 1
gitlab.com/vk-go/lectures-2022-2/06_databases/99_hw/redditclone/pkg/handler/post.go:57.46,60.3 2 1
gitlab.com/vk-go/lectures-2022-2/06_databases/99_hw/redditclone/pkg/handler/post.go:64.16,67.3 2 1
gitlab.com/vk-go/lectures-2022-2/06_databases/99_hw/redditclone/pkg/handler/post.go:71.81,75.46 3 1
gitlab.com/vk-go/lectures-2022-2/06_databases/99_hw/redditclone/pkg/handler/post.go:80.2,82.16 3 1
gitlab.com/vk-go/lectures-2022-2/06_databases/99_hw/redditclone/pkg/handler/post.go:86.2,86.73 1 1
gitlab.com/vk-go/lectures-2022-2/06_databases/99_hw/redditclone/pkg/handler/post.go:75.46,78.3 2 1
gitlab.com/vk-go/lectures-2022-2/06_databases/99_hw/redditclone/pkg/handler/post.go:82.16,85.3 2 1
gitlab.com/vk-go/lectures-2022-2/06_databases/99_hw/redditclone/pkg/handler/post.go:89.90,92.9 3 1
gitlab.com/vk-go/lectures-2022-2/06_databases/99_hw/redditclone/pkg/handler/post.go:96.2,97.16 2 1
gitlab.com/vk-go/lectures-2022-2/06_databases/99_hw/redditclone/pkg/handler/post.go:101.2,101.44 1 1
gitlab.com/vk-go/lectures-2022-2/06_databases/99_hw/redditclone/pkg/handler/post.go:92.9,95.3 2 1
gitlab.com/vk-go/lectures-2022-2/06_databases/99_hw/redditclone/pkg/handler/post.go:97.16,100.3 2 1
gitlab.com/vk-go/lectures-2022-2/06_databases/99_hw/redditclone/pkg/handler/vote.go:10.77,14.46 3 1
gitlab.com/vk-go/lectures-2022-2/06_databases/99_hw/redditclone/pkg/handler/vote.go:18.2,24.16 4 1
gitlab.com/vk-go/lectures-2022-2/06_databases/99_hw/redditclone/pkg/handler/vote.go:28.2,28.43 1 1
gitlab.com/vk-go/lectures-2022-2/06_databases/99_hw/redditclone/pkg/handler/vote.go:14.46,17.3 2 1
gitlab.com/vk-go/lectures-2022-2/06_databases/99_hw/redditclone/pkg/handler/vote.go:24.16,27.3 2 1
gitlab.com/vk-go/lectures-2022-2/06_databases/99_hw/redditclone/pkg/handler/vote.go:31.79,35.46 3 1
gitlab.com/vk-go/lectures-2022-2/06_databases/99_hw/redditclone/pkg/handler/vote.go:39.2,45.16 4 1
gitlab.com/vk-go/lectures-2022-2/06_databases/99_hw/redditclone/pkg/handler/vote.go:49.2,49.43 1 1
gitlab.com/vk-go/lectures-2022-2/06_databases/99_hw/redditclone/pkg/handler/vote.go:35.46,38.3 2 1
gitlab.com/vk-go/lectures-2022-2/06_databases/99_hw/redditclone/pkg/handler/vote.go:45.16,48.3 2 1
gitlab.com/vk-go/lectures-2022-2/06_databases/99_hw/redditclone/pkg/handler/vote.go:52.77,56.46 3 1
gitlab.com/vk-go/lectures-2022-2/06_databases/99_hw/redditclone/pkg/handler/vote.go:60.2,63.16 3 1
gitlab.com/vk-go/lectures-2022-2/06_databases/99_hw/redditclone/pkg/handler/vote.go:67.2,67.43 1 1
gitlab.com/vk-go/lectures-2022-2/06_databases/99_hw/redditclone/pkg/handler/vote.go:56.46,59.3 2 1
gitlab.com/vk-go/lectures-2022-2/06_databases/99_hw/redditclone/pkg/handler/vote.go:63.16,66.3 2 1
gitlab.com/vk-go/lectures-2022-2/06_databases/99_hw/redditclone/pkg/handler/auth.go:16.79,19.16 3 1
gitlab.com/vk-go/lectures-2022-2/06_databases/99_hw/redditclone/pkg/handler/auth.go:23.2,29.16 3 1
gitlab.com/vk-go/lectures-2022-2/06_databases/99_hw/redditclone/pkg/handler/auth.go:41.2,41.67 1 1
gitlab.com/vk-go/lectures-2022-2/06_databases/99_hw/redditclone/pkg/handler/auth.go:19.16,22.3 2 1
gitlab.com/vk-go/lectures-2022-2/06_databases/99_hw/redditclone/pkg/handler/auth.go:29.16,40.3 10 1
gitlab.com/vk-go/lectures-2022-2/06_databases/99_hw/redditclone/pkg/handler/auth.go:44.76,47.16 3 1
gitlab.com/vk-go/lectures-2022-2/06_databases/99_hw/redditclone/pkg/handler/auth.go:51.2,52.16 2 1
gitlab.com/vk-go/lectures-2022-2/06_databases/99_hw/redditclone/pkg/handler/auth.go:56.2,56.67 1 1
gitlab.com/vk-go/lectures-2022-2/06_databases/99_hw/redditclone/pkg/handler/auth.go:47.16,50.3 2 1
gitlab.com/vk-go/lectures-2022-2/06_databases/99_hw/redditclone/pkg/handler/auth.go:52.16,55.3 2 1
gitlab.com/vk-go/lectures-2022-2/06_databases/99_hw/redditclone/pkg/handler/comment.go:11.81,14.46 3 1
gitlab.com/vk-go/lectures-2022-2/06_databases/99_hw/redditclone/pkg/handler/comment.go:19.2,23.16 4 1
gitlab.com/vk-go/lectures-2022-2/06_databases/99_hw/redditclone/pkg/handler/comment.go:27.2,36.16 3 1
gitlab.com/vk-go/lectures-2022-2/06_databases/99_hw/redditclone/pkg/handler/comment.go:40.2,40.46 1 1
gitlab.com/vk-go/lectures-2022-2/06_databases/99_hw/redditclone/pkg/handler/comment.go:14.46,17.3 2 1
gitlab.com/vk-go/lectures-2022-2/06_databases/99_hw/redditclone/pkg/handler/comment.go:23.16,26.3 2 1
gitlab.com/vk-go/lectures-2022-2/06_databases/99_hw/redditclone/pkg/handler/comment.go:36.16,39.3 2 1
gitlab.com/vk-go/lectures-2022-2/06_databases/99_hw/redditclone/pkg/handler/comment.go:43.84,46.46 3 1
gitlab.com/vk-go/lectures-2022-2/06_databases/99_hw/redditclone/pkg/handler/comment.go:51.2,52.49 2 1
gitlab.com/vk-go/lectures-2022-2/06_databases/99_hw/redditclone/pkg/handler/comment.go:57.2,59.16 3 1
gitlab.com/vk-go/lectures-2022-2/06_databases/99_hw/redditclone/pkg/handler/comment.go:63.2,63.43 1 1
gitlab.com/vk-go/lectures-2022-2/06_databases/99_hw/redditclone/pkg/handler/comment.go:46.46,49.3 2 1
gitlab.com/vk-go/lectures-2022-2/06_databases/99_hw/redditclone/pkg/handler/comment.go:52.49,55.3 2 1
gitlab.com/vk-go/lectures-2022-2/06_databases/99_hw/redditclone/pkg/handler/comment.go:59.16,62.3 2 1
gitlab.com/vk-go/lectures-2022-2/06_databases/99_hw/redditclone/pkg/handler/handler.go:20.53,23.2 1 1
gitlab.com/vk-go/lectures-2022-2/06_databases/99_hw/redditclone/pkg/handler/handler.go:25.47,54.2 22 1
gitlab.com/vk-go/lectures-2022-2/06_databases/99_hw/redditclone/pkg/handler/handlers.go:14.69,16.2 1 1
gitlab.com/vk-go/lectures-2022-2/06_databases/99_hw/redditclone/pkg/handler/handlers.go:18.79,23.2 4 1
gitlab.com/vk-go/lectures-2022-2/06_databases/99_hw/redditclone/pkg/handler/middleware.go:13.66,14.71 1 1
gitlab.com/vk-go/lectures-2022-2/06_databases/99_hw/redditclone/pkg/handler/middleware.go:14.71,17.28 3 1
gitlab.com/vk-go/lectures-2022-2/06_databases/99_hw/redditclone/pkg/handler/middleware.go:21.3,23.17 3 1
gitlab.com/vk-go/lectures-2022-2/06_databases/99_hw/redditclone/pkg/handler/middleware.go:27.3,29.40 3 1
gitlab.com/vk-go/lectures-2022-2/06_databases/99_hw/redditclone/pkg/handler/middleware.go:17.28,20.4 2 1
gitlab.com/vk-go/lectures-2022-2/06_databases/99_hw/redditclone/pkg/handler/middleware.go:23.17,26.4 2 1
