mode: set
gitlab.com/vk-go/lectures-2022-2/06_databases/99_hw/redditclone/pkg/repository/mongo/posts_mongo/comments.go:10.107,12.16 2 1
gitlab.com/vk-go/lectures-2022-2/06_databases/99_hw/redditclone/pkg/repository/mongo/posts_mongo/comments.go:15.2,17.29 3 1
gitlab.com/vk-go/lectures-2022-2/06_databases/99_hw/redditclone/pkg/repository/mongo/posts_mongo/comments.go:24.2,26.18 3 1
gitlab.com/vk-go/lectures-2022-2/06_databases/99_hw/redditclone/pkg/repository/mongo/posts_mongo/comments.go:12.16,14.3 1 0
gitlab.com/vk-go/lectures-2022-2/06_databases/99_hw/redditclone/pkg/repository/mongo/posts_mongo/comments.go:17.29,23.3 5 1
gitlab.com/vk-go/lectures-2022-2/06_databases/99_hw/redditclone/pkg/repository/mongo/posts_mongo/comments.go:29.108,32.16 2 1
gitlab.com/vk-go/lectures-2022-2/06_databases/99_hw/redditclone/pkg/repository/mongo/posts_mongo/comments.go:35.2,39.16 4 1
gitlab.com/vk-go/lectures-2022-2/06_databases/99_hw/redditclone/pkg/repository/mongo/posts_mongo/comments.go:42.2,42.55 1 1
gitlab.com/vk-go/lectures-2022-2/06_databases/99_hw/redditclone/pkg/repository/mongo/posts_mongo/comments.go:48.2,49.18 2 1
gitlab.com/vk-go/lectures-2022-2/06_databases/99_hw/redditclone/pkg/repository/mongo/posts_mongo/comments.go:32.16,34.3 1 0
gitlab.com/vk-go/lectures-2022-2/06_databases/99_hw/redditclone/pkg/repository/mongo/posts_mongo/comments.go:39.16,41.3 1 0
gitlab.com/vk-go/lectures-2022-2/06_databases/99_hw/redditclone/pkg/repository/mongo/posts_mongo/comments.go:42.55,44.17 2 1
gitlab.com/vk-go/lectures-2022-2/06_databases/99_hw/redditclone/pkg/repository/mongo/posts_mongo/comments.go:44.17,46.4 1 0
gitlab.com/vk-go/lectures-2022-2/06_databases/99_hw/redditclone/pkg/repository/mongo/posts_mongo/posts.go:14.60,18.16 3 1
gitlab.com/vk-go/lectures-2022-2/06_databases/99_hw/redditclone/pkg/repository/mongo/posts_mongo/posts.go:21.2,22.16 2 1
gitlab.com/vk-go/lectures-2022-2/06_databases/99_hw/redditclone/pkg/repository/mongo/posts_mongo/posts.go:25.2,26.19 2 1
gitlab.com/vk-go/lectures-2022-2/06_databases/99_hw/redditclone/pkg/repository/mongo/posts_mongo/posts.go:18.16,20.3 1 0
gitlab.com/vk-go/lectures-2022-2/06_databases/99_hw/redditclone/pkg/repository/mongo/posts_mongo/posts.go:22.16,24.3 1 0
gitlab.com/vk-go/lectures-2022-2/06_databases/99_hw/redditclone/pkg/repository/mongo/posts_mongo/posts.go:29.79,34.16 4 1
gitlab.com/vk-go/lectures-2022-2/06_databases/99_hw/redditclone/pkg/repository/mongo/posts_mongo/posts.go:37.2,38.16 2 1
gitlab.com/vk-go/lectures-2022-2/06_databases/99_hw/redditclone/pkg/repository/mongo/posts_mongo/posts.go:41.2,42.19 2 1
gitlab.com/vk-go/lectures-2022-2/06_databases/99_hw/redditclone/pkg/repository/mongo/posts_mongo/posts.go:34.16,36.3 1 0
gitlab.com/vk-go/lectures-2022-2/06_databases/99_hw/redditclone/pkg/repository/mongo/posts_mongo/posts.go:38.16,40.3 1 0
gitlab.com/vk-go/lectures-2022-2/06_databases/99_hw/redditclone/pkg/repository/mongo/posts_mongo/posts.go:44.79,48.16 4 1
gitlab.com/vk-go/lectures-2022-2/06_databases/99_hw/redditclone/pkg/repository/mongo/posts_mongo/posts.go:51.2,52.16 2 1
gitlab.com/vk-go/lectures-2022-2/06_databases/99_hw/redditclone/pkg/repository/mongo/posts_mongo/posts.go:55.2,56.19 2 1
gitlab.com/vk-go/lectures-2022-2/06_databases/99_hw/redditclone/pkg/repository/mongo/posts_mongo/posts.go:48.16,50.3 1 0
gitlab.com/vk-go/lectures-2022-2/06_databases/99_hw/redditclone/pkg/repository/mongo/posts_mongo/posts.go:52.16,54.3 1 0
gitlab.com/vk-go/lectures-2022-2/06_databases/99_hw/redditclone/pkg/repository/mongo/posts_mongo/posts.go:59.107,80.2 4 1
gitlab.com/vk-go/lectures-2022-2/06_databases/99_hw/redditclone/pkg/repository/mongo/posts_mongo/posts.go:81.80,85.22 3 1
gitlab.com/vk-go/lectures-2022-2/06_databases/99_hw/redditclone/pkg/repository/mongo/posts_mongo/posts.go:89.2,90.18 2 1
gitlab.com/vk-go/lectures-2022-2/06_databases/99_hw/redditclone/pkg/repository/mongo/posts_mongo/posts.go:85.22,87.3 1 1
gitlab.com/vk-go/lectures-2022-2/06_databases/99_hw/redditclone/pkg/repository/mongo/posts_mongo/posts.go:93.79,95.16 2 1
gitlab.com/vk-go/lectures-2022-2/06_databases/99_hw/redditclone/pkg/repository/mongo/posts_mongo/posts.go:98.2,99.16 2 1
gitlab.com/vk-go/lectures-2022-2/06_databases/99_hw/redditclone/pkg/repository/mongo/posts_mongo/posts.go:102.2,102.18 1 1
gitlab.com/vk-go/lectures-2022-2/06_databases/99_hw/redditclone/pkg/repository/mongo/posts_mongo/posts.go:95.16,97.3 1 1
gitlab.com/vk-go/lectures-2022-2/06_databases/99_hw/redditclone/pkg/repository/mongo/posts_mongo/posts.go:99.16,101.3 1 0
gitlab.com/vk-go/lectures-2022-2/06_databases/99_hw/redditclone/pkg/repository/mongo/posts_mongo/posts.go:105.82,108.16 2 1
gitlab.com/vk-go/lectures-2022-2/06_databases/99_hw/redditclone/pkg/repository/mongo/posts_mongo/posts.go:111.2,111.30 1 1
gitlab.com/vk-go/lectures-2022-2/06_databases/99_hw/redditclone/pkg/repository/mongo/posts_mongo/posts.go:115.2,116.12 2 1
gitlab.com/vk-go/lectures-2022-2/06_databases/99_hw/redditclone/pkg/repository/mongo/posts_mongo/posts.go:108.16,110.3 1 1
gitlab.com/vk-go/lectures-2022-2/06_databases/99_hw/redditclone/pkg/repository/mongo/posts_mongo/posts.go:111.30,113.3 1 1
gitlab.com/vk-go/lectures-2022-2/06_databases/99_hw/redditclone/pkg/repository/mongo/posts_mongo/posts_mongo.go:12.82,13.19 1 1
gitlab.com/vk-go/lectures-2022-2/06_databases/99_hw/redditclone/pkg/repository/mongo/posts_mongo/posts_mongo.go:16.2,17.23 2 1
gitlab.com/vk-go/lectures-2022-2/06_databases/99_hw/redditclone/pkg/repository/mongo/posts_mongo/posts_mongo.go:20.2,20.55 1 1
gitlab.com/vk-go/lectures-2022-2/06_databases/99_hw/redditclone/pkg/repository/mongo/posts_mongo/posts_mongo.go:13.19,15.3 1 1
gitlab.com/vk-go/lectures-2022-2/06_databases/99_hw/redditclone/pkg/repository/mongo/posts_mongo/posts_mongo.go:17.23,19.3 1 0
gitlab.com/vk-go/lectures-2022-2/06_databases/99_hw/redditclone/pkg/repository/mongo/posts_mongo/votes.go:12.84,16.16 4 1
gitlab.com/vk-go/lectures-2022-2/06_databases/99_hw/redditclone/pkg/repository/mongo/posts_mongo/votes.go:19.2,20.16 2 1
gitlab.com/vk-go/lectures-2022-2/06_databases/99_hw/redditclone/pkg/repository/mongo/posts_mongo/votes.go:23.2,23.32 1 1
gitlab.com/vk-go/lectures-2022-2/06_databases/99_hw/redditclone/pkg/repository/mongo/posts_mongo/votes.go:16.16,18.3 1 0
gitlab.com/vk-go/lectures-2022-2/06_databases/99_hw/redditclone/pkg/repository/mongo/posts_mongo/votes.go:20.16,22.3 1 0
gitlab.com/vk-go/lectures-2022-2/06_databases/99_hw/redditclone/pkg/repository/mongo/posts_mongo/votes.go:26.90,28.16 2 1
gitlab.com/vk-go/lectures-2022-2/06_databases/99_hw/redditclone/pkg/repository/mongo/posts_mongo/votes.go:31.2,31.26 1 1
gitlab.com/vk-go/lectures-2022-2/06_databases/99_hw/redditclone/pkg/repository/mongo/posts_mongo/votes.go:34.2,36.16 3 1
gitlab.com/vk-go/lectures-2022-2/06_databases/99_hw/redditclone/pkg/repository/mongo/posts_mongo/votes.go:39.2,40.16 2 1
gitlab.com/vk-go/lectures-2022-2/06_databases/99_hw/redditclone/pkg/repository/mongo/posts_mongo/votes.go:43.2,44.18 2 1
gitlab.com/vk-go/lectures-2022-2/06_databases/99_hw/redditclone/pkg/repository/mongo/posts_mongo/votes.go:28.16,30.3 1 0
gitlab.com/vk-go/lectures-2022-2/06_databases/99_hw/redditclone/pkg/repository/mongo/posts_mongo/votes.go:31.26,33.3 1 0
gitlab.com/vk-go/lectures-2022-2/06_databases/99_hw/redditclone/pkg/repository/mongo/posts_mongo/votes.go:36.16,38.3 1 0
gitlab.com/vk-go/lectures-2022-2/06_databases/99_hw/redditclone/pkg/repository/mongo/posts_mongo/votes.go:40.16,42.3 1 0
gitlab.com/vk-go/lectures-2022-2/06_databases/99_hw/redditclone/pkg/repository/mongo/posts_mongo/votes.go:46.95,48.16 2 1
gitlab.com/vk-go/lectures-2022-2/06_databases/99_hw/redditclone/pkg/repository/mongo/posts_mongo/votes.go:51.2,51.26 1 1
gitlab.com/vk-go/lectures-2022-2/06_databases/99_hw/redditclone/pkg/repository/mongo/posts_mongo/votes.go:66.2,67.16 2 1
gitlab.com/vk-go/lectures-2022-2/06_databases/99_hw/redditclone/pkg/repository/mongo/posts_mongo/votes.go:70.2,70.11 1 1
gitlab.com/vk-go/lectures-2022-2/06_databases/99_hw/redditclone/pkg/repository/mongo/posts_mongo/votes.go:89.2,90.16 2 1
gitlab.com/vk-go/lectures-2022-2/06_databases/99_hw/redditclone/pkg/repository/mongo/posts_mongo/votes.go:93.2,94.18 2 1
gitlab.com/vk-go/lectures-2022-2/06_databases/99_hw/redditclone/pkg/repository/mongo/posts_mongo/votes.go:48.16,50.3 1 0
gitlab.com/vk-go/lectures-2022-2/06_databases/99_hw/redditclone/pkg/repository/mongo/posts_mongo/votes.go:51.26,55.17 4 1
gitlab.com/vk-go/lectures-2022-2/06_databases/99_hw/redditclone/pkg/repository/mongo/posts_mongo/votes.go:58.3,59.17 2 1
gitlab.com/vk-go/lectures-2022-2/06_databases/99_hw/redditclone/pkg/repository/mongo/posts_mongo/votes.go:62.3,64.19 3 1
gitlab.com/vk-go/lectures-2022-2/06_databases/99_hw/redditclone/pkg/repository/mongo/posts_mongo/votes.go:55.17,57.4 1 0
gitlab.com/vk-go/lectures-2022-2/06_databases/99_hw/redditclone/pkg/repository/mongo/posts_mongo/votes.go:59.17,61.4 1 0
gitlab.com/vk-go/lectures-2022-2/06_databases/99_hw/redditclone/pkg/repository/mongo/posts_mongo/votes.go:67.16,69.3 1 0
gitlab.com/vk-go/lectures-2022-2/06_databases/99_hw/redditclone/pkg/repository/mongo/posts_mongo/votes.go:70.11,80.17 6 1
gitlab.com/vk-go/lectures-2022-2/06_databases/99_hw/redditclone/pkg/repository/mongo/posts_mongo/votes.go:80.17,82.4 1 0
gitlab.com/vk-go/lectures-2022-2/06_databases/99_hw/redditclone/pkg/repository/mongo/posts_mongo/votes.go:83.8,85.17 2 1
gitlab.com/vk-go/lectures-2022-2/06_databases/99_hw/redditclone/pkg/repository/mongo/posts_mongo/votes.go:85.17,87.4 1 0
gitlab.com/vk-go/lectures-2022-2/06_databases/99_hw/redditclone/pkg/repository/mongo/posts_mongo/votes.go:90.16,92.3 1 0
gitlab.com/vk-go/lectures-2022-2/06_databases/99_hw/redditclone/pkg/repository/mongo/posts_mongo/votes.go:97.78,110.16 13 1
gitlab.com/vk-go/lectures-2022-2/06_databases/99_hw/redditclone/pkg/repository/mongo/posts_mongo/votes.go:113.2,115.16 3 1
gitlab.com/vk-go/lectures-2022-2/06_databases/99_hw/redditclone/pkg/repository/mongo/posts_mongo/votes.go:118.2,118.22 1 1
gitlab.com/vk-go/lectures-2022-2/06_databases/99_hw/redditclone/pkg/repository/mongo/posts_mongo/votes.go:121.2,122.19 2 1
gitlab.com/vk-go/lectures-2022-2/06_databases/99_hw/redditclone/pkg/repository/mongo/posts_mongo/votes.go:110.16,112.3 1 0
gitlab.com/vk-go/lectures-2022-2/06_databases/99_hw/redditclone/pkg/repository/mongo/posts_mongo/votes.go:115.16,117.3 1 0
gitlab.com/vk-go/lectures-2022-2/06_databases/99_hw/redditclone/pkg/repository/mongo/posts_mongo/votes.go:118.22,120.3 1 1
gitlab.com/vk-go/lectures-2022-2/06_databases/99_hw/redditclone/pkg/repository/mongo/posts_mongo/votes.go:125.78,128.2 2 1
gitlab.com/vk-go/lectures-2022-2/06_databases/99_hw/redditclone/pkg/repository/mongo/posts_mongo/votes.go:130.80,133.2 2 1
gitlab.com/vk-go/lectures-2022-2/06_databases/99_hw/redditclone/pkg/repository/mongo/posts_mongo/votes.go:135.108,137.16 2 1
gitlab.com/vk-go/lectures-2022-2/06_databases/99_hw/redditclone/pkg/repository/mongo/posts_mongo/votes.go:140.2,141.30 2 1
gitlab.com/vk-go/lectures-2022-2/06_databases/99_hw/redditclone/pkg/repository/mongo/posts_mongo/votes.go:137.16,139.3 1 0
gitlab.com/vk-go/lectures-2022-2/06_databases/99_hw/redditclone/pkg/repository/mongo/posts_mongo/votes.go:144.64,146.16 2 1
gitlab.com/vk-go/lectures-2022-2/06_databases/99_hw/redditclone/pkg/repository/mongo/posts_mongo/votes.go:149.2,150.12 2 1
gitlab.com/vk-go/lectures-2022-2/06_databases/99_hw/redditclone/pkg/repository/mongo/posts_mongo/votes.go:146.16,148.3 1 0
gitlab.com/vk-go/lectures-2022-2/06_databases/99_hw/redditclone/pkg/repository/mongo/posts_mongo/votes.go:153.75,155.16 2 1
gitlab.com/vk-go/lectures-2022-2/06_databases/99_hw/redditclone/pkg/repository/mongo/posts_mongo/votes.go:158.2,160.21 3 1
gitlab.com/vk-go/lectures-2022-2/06_databases/99_hw/redditclone/pkg/repository/mongo/posts_mongo/votes.go:165.2,166.12 2 1
gitlab.com/vk-go/lectures-2022-2/06_databases/99_hw/redditclone/pkg/repository/mongo/posts_mongo/votes.go:155.16,157.3 1 0
gitlab.com/vk-go/lectures-2022-2/06_databases/99_hw/redditclone/pkg/repository/mongo/posts_mongo/votes.go:160.21,162.3 1 1
gitlab.com/vk-go/lectures-2022-2/06_databases/99_hw/redditclone/pkg/repository/mongo/posts_mongo/votes.go:162.8,164.3 1 1
gitlab.com/vk-go/lectures-2022-2/06_databases/99_hw/redditclone/pkg/repository/mongo/posts_mongo/votes.go:169.77,171.16 2 1
gitlab.com/vk-go/lectures-2022-2/06_databases/99_hw/redditclone/pkg/repository/mongo/posts_mongo/votes.go:174.2,175.12 2 1
gitlab.com/vk-go/lectures-2022-2/06_databases/99_hw/redditclone/pkg/repository/mongo/posts_mongo/votes.go:171.16,173.3 1 0
